c:\users\dielle\documents\visual studio 2015\projects\tinytrimention\tinytrimention\debug\vc140.pdb
c:\users\dielle\documents\visual studio 2015\projects\tinytrimention\tinytrimention\debug\vc140.idb
c:\users\dielle\documents\visual studio 2015\projects\tinytrimention\tinytrimention\debug\board.obj
c:\users\dielle\documents\visual studio 2015\projects\tinytrimention\tinytrimention\debug\game.obj
c:\users\dielle\documents\visual studio 2015\projects\tinytrimention\tinytrimention\debug\main.obj
c:\users\dielle\documents\visual studio 2015\projects\tinytrimention\tinytrimention\debug\player.obj
c:\users\dielle\documents\visual studio 2015\projects\tinytrimention\tinytrimention\debug\vertex.obj
c:\users\dielle\documents\visual studio 2015\projects\tinytrimention\tinytrimention\debug\vertex12d.obj
c:\users\dielle\documents\visual studio 2015\projects\tinytrimention\tinytrimention\debug\vertex1d.obj
c:\users\dielle\documents\visual studio 2015\projects\tinytrimention\tinytrimention\debug\vertex3d.obj
c:\users\dielle\documents\visual studio 2015\projects\tinytrimention\tinytrimention\debug\vertex4d.obj
c:\users\dielle\documents\visual studio 2015\projects\tinytrimention\tinytrimention\debug\vertex6d.obj
c:\users\dielle\documents\visual studio 2015\projects\tinytrimention\tinytrimention\debug\vertex7d.obj
c:\users\dielle\documents\visual studio 2015\projects\tinytrimention\debug\tinytrimention.ilk
c:\users\dielle\documents\visual studio 2015\projects\tinytrimention\debug\tinytrimention.exe
c:\users\dielle\documents\visual studio 2015\projects\tinytrimention\debug\tinytrimention.pdb
c:\users\dielle\documents\visual studio 2015\projects\tinytrimention\tinytrimention\debug\tinytrimention.tlog\cl.command.1.tlog
c:\users\dielle\documents\visual studio 2015\projects\tinytrimention\tinytrimention\debug\tinytrimention.tlog\cl.read.1.tlog
c:\users\dielle\documents\visual studio 2015\projects\tinytrimention\tinytrimention\debug\tinytrimention.tlog\cl.write.1.tlog
c:\users\dielle\documents\visual studio 2015\projects\tinytrimention\tinytrimention\debug\tinytrimention.tlog\link.command.1.tlog
c:\users\dielle\documents\visual studio 2015\projects\tinytrimention\tinytrimention\debug\tinytrimention.tlog\link.read.1.tlog
c:\users\dielle\documents\visual studio 2015\projects\tinytrimention\tinytrimention\debug\tinytrimention.tlog\link.write.1.tlog
