Build started 9/7/2016 5:58:31 PM.
     1>Project "C:\Users\dielle\Documents\GitHub\trimension\TinyTrimention\TinyTrimention.vcxproj" on node 2 (Build target(s)).
     1>ClCompile:
         C:\Program Files (x86)\Microsoft Visual Studio 14.0\VC\bin\CL.exe /c /ZI /nologo /W3 /WX- /sdl /Od /Oy- /D _MBCS /Gm /EHsc /RTC1 /MDd /GS /fp:precise /Zc:wchar_t /Zc:forScope /Zc:inline /Fo"Debug\\" /Fd"Debug\vc140.pdb" /Gd /TP /analyze- /errorReport:prompt Vertex6D.cpp
         Vertex6D.cpp
       Link:
         C:\Program Files (x86)\Microsoft Visual Studio 14.0\VC\bin\link.exe /ERRORREPORT:PROMPT /OUT:"C:\Users\dielle\Documents\GitHub\trimension\TinyTrimention\Debug\TinyTrimention.exe" /INCREMENTAL /NOLOGO kernel32.lib user32.lib gdi32.lib winspool.lib comdlg32.lib advapi32.lib shell32.lib ole32.lib oleaut32.lib uuid.lib odbc32.lib odbccp32.lib /MANIFEST /MANIFESTUAC:"level='asInvoker' uiAccess='false'" /manifest:embed /Debug /PDB:"C:\Users\dielle\Documents\GitHub\trimension\TinyTrimention\Debug\TinyTrimention.pdb" /TLBID:1 /DYNAMICBASE /NXCOMPAT /IMPLIB:"C:\Users\dielle\Documents\GitHub\trimension\TinyTrimention\Debug\TinyTrimention.lib" /MACHINE:X86 Debug\board.obj
         Debug\Game.obj
         Debug\main.obj
         Debug\Player.obj
         Debug\Vertex.obj
         Debug\Vertex12D.obj
         Debug\Vertex1D.obj
         Debug\Vertex3D.obj
         Debug\Vertex4D.obj
         Debug\Vertex6D.obj
         Debug\Vertex7D.obj
         TinyTrimention.vcxproj -> C:\Users\dielle\Documents\GitHub\trimension\TinyTrimention\Debug\TinyTrimention.exe
     1>Done Building Project "C:\Users\dielle\Documents\GitHub\trimension\TinyTrimention\TinyTrimention.vcxproj" (Build target(s)).

Build succeeded.

Time Elapsed 00:00:02.59
